<?xml version="1.0" encoding="UTF-8"?>
<!-- Generated by org.testng.reporters.JUnitXMLReporter -->
<testsuite hostname="LAPTOP-RUTB88SV" ignored="0" name="Smoke Test" tests="4" failures="0" timestamp="2022-04-24T21:21:30 IST" time="40.815" errors="0">
  <testcase name="verifyPageLogin" time="3.476" classname="com.demowebshop.test.LoginPageTest"/>
  <testcase name="verifyHomePageTitle" time="0.095" classname="com.demowebshop.test.HomePageTest"/>
  <testcase name="verifyLoginPageTitle" time="1.204" classname="com.demowebshop.test.LoginPageTest"/>
  <testcase name="verifyRegistration" time="3.072" classname="com.demowebshop.test.RegisterPageTest"/>
</testsuite> <!-- Smoke Test -->
