<?xml version="1.0" encoding="UTF-8"?>
<!-- Generated by org.testng.reporters.JUnitXMLReporter -->
<testsuite hostname="LAPTOP-RUTB88SV" ignored="0" name="Parameter Test" tests="4" failures="0" timestamp="2022-04-24T21:14:32 IST" time="35.643" errors="0">
  <testcase name="verifyHomePageTitle" time="0.639" classname="com.demowebshop.test.HomePageTest"/>
  <testcase name="verifyPageLogin" time="2.362" classname="com.demowebshop.test.LoginPageTest"/>
  <testcase name="verifyLoginPageTitle" time="0.827" classname="com.demowebshop.test.LoginPageTest"/>
  <testcase name="verifyRegistration" time="2.691" classname="com.demowebshop.test.RegisterPageTest"/>
</testsuite> <!-- Parameter Test -->
