<?xml version="1.0" encoding="UTF-8"?>
<!-- Generated by org.testng.reporters.JUnitXMLReporter -->
<testsuite hostname="LAPTOP-RUTB88SV" ignored="0" name="Parameter Test" tests="4" failures="0" timestamp="2022-04-23T11:02:29 IST" time="45.677" errors="0">
  <testcase name="verifyHomePageTitle" time="0.684" classname="com.demowebshop.test.HomePageTest"/>
  <testcase name="verifyPageLogin" time="2.105" classname="com.demowebshop.test.LoginPageTest"/>
  <testcase name="verifyLoginPageTitle" time="0.671" classname="com.demowebshop.test.LoginPageTest"/>
  <testcase name="verifyRegistration" time="2.321" classname="com.demowebshop.test.RegisterPageTest"/>
</testsuite> <!-- Parameter Test -->
