<?xml version="1.0" encoding="UTF-8"?>
<!-- Generated by org.testng.reporters.JUnitXMLReporter -->
<testsuite hostname="LAPTOP-RUTB88SV" ignored="0" name="Functional Test" tests="4" failures="0" timestamp="2022-04-24T21:20:16 IST" time="54.911" errors="0">
  <testcase name="verifyHomePageTitle" time="0.633" classname="com.demowebshop.test.HomePageTest"/>
  <testcase name="verifyPageLogin" time="3.365" classname="com.demowebshop.test.LoginPageTest"/>
  <testcase name="verifyLoginPageTitle" time="1.466" classname="com.demowebshop.test.LoginPageTest"/>
  <testcase name="verifyRegistration" time="4.301" classname="com.demowebshop.test.RegisterPageTest"/>
</testsuite> <!-- Functional Test -->
