<?xml version="1.0" encoding="UTF-8"?>
<testng-results skipped="0" failed="0" ignored="0" total="4" passed="4">
  <reporter-output>
  </reporter-output>
  <suite name="Parameter Suite" duration-ms="35651" started-at="2022-04-23T09:22:09 IST" finished-at="2022-04-23T09:22:44 IST">
    <groups>
    </groups>
    <test name="Parameter Test" duration-ms="35651" started-at="2022-04-23T09:22:09 IST" finished-at="2022-04-23T09:22:44 IST">
      <class name="com.demowebshop.test.RegisterPageTest">
        <test-method status="PASS" signature="setUp(java.lang.String,java.lang.String)[pri:0, instance:com.demowebshop.test.RegisterPageTest@757942a1]" name="setUp" is-config="true" duration-ms="9395" started-at="2022-04-23T09:22:33 IST" finished-at="2022-04-23T09:22:42 IST">
          <params>
            <param index="0">
              <value>
                <![CDATA[chrome]]>
              </value>
            </param>
            <param index="1">
              <value>
                <![CDATA[http://demowebshop.tricentis.com/]]>
              </value>
            </param>
          </params>
          <reporter-output>
          </reporter-output>
        </test-method> <!-- setUp -->
        <test-method status="PASS" signature="verifyRegistration()[pri:2, instance:com.demowebshop.test.RegisterPageTest@757942a1]" name="verifyRegistration" duration-ms="1694" started-at="2022-04-23T09:22:42 IST" description="TC_001_verifyLoginPageTitle" finished-at="2022-04-23T09:22:44 IST">
          <reporter-output>
          </reporter-output>
        </test-method> <!-- verifyRegistration -->
        <test-method status="PASS" signature="tearDown(org.testng.ITestResult)[pri:0, instance:com.demowebshop.test.RegisterPageTest@757942a1]" name="tearDown" is-config="true" duration-ms="59" started-at="2022-04-23T09:22:44 IST" finished-at="2022-04-23T09:22:44 IST">
          <params>
            <param index="0">
              <value>
                <![CDATA[[TestResult name=verifyRegistration status=SUCCESS method=RegisterPageTest.verifyRegistration()[pri:2, instance:com.demowebshop.test.RegisterPageTest@757942a1] output={null}]]]>
              </value>
            </param>
          </params>
          <reporter-output>
          </reporter-output>
        </test-method> <!-- tearDown -->
      </class> <!-- com.demowebshop.test.RegisterPageTest -->
      <class name="com.demowebshop.test.LoginPageTest">
        <test-method status="PASS" signature="setUp(java.lang.String,java.lang.String)[pri:0, instance:com.demowebshop.test.LoginPageTest@69b0fd6f]" name="setUp" is-config="true" duration-ms="6877" started-at="2022-04-23T09:22:17 IST" finished-at="2022-04-23T09:22:24 IST">
          <params>
            <param index="0">
              <value>
                <![CDATA[chrome]]>
              </value>
            </param>
            <param index="1">
              <value>
                <![CDATA[http://demowebshop.tricentis.com/]]>
              </value>
            </param>
          </params>
          <reporter-output>
          </reporter-output>
        </test-method> <!-- setUp -->
        <test-method status="PASS" signature="verifyLoginPageTitle()[pri:2, instance:com.demowebshop.test.LoginPageTest@69b0fd6f]" name="verifyLoginPageTitle" duration-ms="624" started-at="2022-04-23T09:22:24 IST" description="TC_001_verifyLoginPageTitle" finished-at="2022-04-23T09:22:25 IST">
          <reporter-output>
          </reporter-output>
        </test-method> <!-- verifyLoginPageTitle -->
        <test-method status="PASS" signature="tearDown(org.testng.ITestResult)[pri:0, instance:com.demowebshop.test.LoginPageTest@69b0fd6f]" name="tearDown" is-config="true" duration-ms="44" started-at="2022-04-23T09:22:25 IST" finished-at="2022-04-23T09:22:25 IST">
          <params>
            <param index="0">
              <value>
                <![CDATA[[TestResult name=verifyLoginPageTitle status=SUCCESS method=LoginPageTest.verifyLoginPageTitle()[pri:2, instance:com.demowebshop.test.LoginPageTest@69b0fd6f] output={null}]]]>
              </value>
            </param>
          </params>
          <reporter-output>
          </reporter-output>
        </test-method> <!-- tearDown -->
        <test-method status="PASS" signature="setUp(java.lang.String,java.lang.String)[pri:0, instance:com.demowebshop.test.LoginPageTest@69b0fd6f]" name="setUp" is-config="true" duration-ms="6744" started-at="2022-04-23T09:22:25 IST" finished-at="2022-04-23T09:22:31 IST">
          <params>
            <param index="0">
              <value>
                <![CDATA[chrome]]>
              </value>
            </param>
            <param index="1">
              <value>
                <![CDATA[http://demowebshop.tricentis.com/]]>
              </value>
            </param>
          </params>
          <reporter-output>
          </reporter-output>
        </test-method> <!-- setUp -->
        <test-method status="PASS" signature="verifyPageLogin()[pri:2, instance:com.demowebshop.test.LoginPageTest@69b0fd6f]" name="verifyPageLogin" duration-ms="1563" started-at="2022-04-23T09:22:31 IST" description="TC_001_verifyPageLogin" finished-at="2022-04-23T09:22:33 IST">
          <reporter-output>
          </reporter-output>
        </test-method> <!-- verifyPageLogin -->
        <test-method status="PASS" signature="tearDown(org.testng.ITestResult)[pri:0, instance:com.demowebshop.test.LoginPageTest@69b0fd6f]" name="tearDown" is-config="true" duration-ms="39" started-at="2022-04-23T09:22:33 IST" finished-at="2022-04-23T09:22:33 IST">
          <params>
            <param index="0">
              <value>
                <![CDATA[[TestResult name=verifyPageLogin status=SUCCESS method=LoginPageTest.verifyPageLogin()[pri:2, instance:com.demowebshop.test.LoginPageTest@69b0fd6f] output={null}]]]>
              </value>
            </param>
          </params>
          <reporter-output>
          </reporter-output>
        </test-method> <!-- tearDown -->
      </class> <!-- com.demowebshop.test.LoginPageTest -->
      <class name="com.demowebshop.test.HomePageTest">
        <test-method status="PASS" signature="setUp(java.lang.String,java.lang.String)[pri:0, instance:com.demowebshop.test.HomePageTest@587d1d39]" name="setUp" is-config="true" duration-ms="7977" started-at="2022-04-23T09:22:09 IST" finished-at="2022-04-23T09:22:17 IST">
          <params>
            <param index="0">
              <value>
                <![CDATA[chrome]]>
              </value>
            </param>
            <param index="1">
              <value>
                <![CDATA[http://demowebshop.tricentis.com/]]>
              </value>
            </param>
          </params>
          <reporter-output>
          </reporter-output>
        </test-method> <!-- setUp -->
        <test-method status="PASS" signature="verifyHomePageTitle()[pri:2, instance:com.demowebshop.test.HomePageTest@587d1d39]" name="verifyHomePageTitle" duration-ms="521" started-at="2022-04-23T09:22:17 IST" description="TC_001_verifyHomePageTitle" finished-at="2022-04-23T09:22:17 IST">
          <reporter-output>
          </reporter-output>
        </test-method> <!-- verifyHomePageTitle -->
        <test-method status="PASS" signature="tearDown(org.testng.ITestResult)[pri:0, instance:com.demowebshop.test.HomePageTest@587d1d39]" name="tearDown" is-config="true" duration-ms="93" started-at="2022-04-23T09:22:17 IST" finished-at="2022-04-23T09:22:17 IST">
          <params>
            <param index="0">
              <value>
                <![CDATA[[TestResult name=verifyHomePageTitle status=SUCCESS method=HomePageTest.verifyHomePageTitle()[pri:2, instance:com.demowebshop.test.HomePageTest@587d1d39] output={null}]]]>
              </value>
            </param>
          </params>
          <reporter-output>
          </reporter-output>
        </test-method> <!-- tearDown -->
      </class> <!-- com.demowebshop.test.HomePageTest -->
    </test> <!-- Parameter Test -->
  </suite> <!-- Parameter Suite -->
</testng-results>
