<?xml version="1.0" encoding="UTF-8"?>
<testng-results skipped="0" failed="0" ignored="0" total="4" passed="4">
  <reporter-output>
  </reporter-output>
  <suite name="Smoke suite" duration-ms="40815" started-at="2022-04-24T21:20:49 IST" finished-at="2022-04-24T21:21:30 IST">
    <groups>
      <group name="smoke">
        <method signature="HomePageTest.verifyHomePageTitle()[pri:1, instance:com.demowebshop.test.HomePageTest@50b494a6]" name="verifyHomePageTitle" class="com.demowebshop.test.HomePageTest"/>
        <method signature="LoginPageTest.verifyLoginPageTitle()[pri:3, instance:com.demowebshop.test.LoginPageTest@167fdd33]" name="verifyLoginPageTitle" class="com.demowebshop.test.LoginPageTest"/>
      </group> <!-- smoke -->
      <group name="sanity">
        <method signature="LoginPageTest.verifyPageLogin()[pri:2, instance:com.demowebshop.test.LoginPageTest@167fdd33]" name="verifyPageLogin" class="com.demowebshop.test.LoginPageTest"/>
        <method signature="RegisterPageTest.verifyRegistration()[pri:4, instance:com.demowebshop.test.RegisterPageTest@1e965684]" name="verifyRegistration" class="com.demowebshop.test.RegisterPageTest"/>
      </group> <!-- sanity -->
    </groups>
    <test name="Smoke Test" duration-ms="40815" started-at="2022-04-24T21:20:49 IST" finished-at="2022-04-24T21:21:30 IST">
      <class name="com.demowebshop.test.RegisterPageTest">
        <test-method status="PASS" signature="setUp(java.lang.String,java.lang.String)[pri:0, instance:com.demowebshop.test.RegisterPageTest@1e965684]" name="setUp" is-config="true" duration-ms="14667" started-at="2022-04-24T21:21:12 IST" finished-at="2022-04-24T21:21:27 IST">
          <params>
            <param index="0">
              <value>
                <![CDATA[chrome]]>
              </value>
            </param>
            <param index="1">
              <value>
                <![CDATA[http://demowebshop.tricentis.com/]]>
              </value>
            </param>
          </params>
          <reporter-output>
          </reporter-output>
        </test-method> <!-- setUp -->
        <test-method status="PASS" signature="verifyRegistration()[pri:4, instance:com.demowebshop.test.RegisterPageTest@1e965684]" name="verifyRegistration" duration-ms="3072" started-at="2022-04-24T21:21:27 IST" description="TC_001_verifyLoginPageTitle" finished-at="2022-04-24T21:21:30 IST">
          <reporter-output>
          </reporter-output>
        </test-method> <!-- verifyRegistration -->
        <test-method status="PASS" signature="tearDown(org.testng.ITestResult)[pri:0, instance:com.demowebshop.test.RegisterPageTest@1e965684]" name="tearDown" is-config="true" duration-ms="88" started-at="2022-04-24T21:21:30 IST" finished-at="2022-04-24T21:21:30 IST">
          <params>
            <param index="0">
              <value>
                <![CDATA[[TestResult name=verifyRegistration status=SUCCESS method=RegisterPageTest.verifyRegistration()[pri:4, instance:com.demowebshop.test.RegisterPageTest@1e965684] output={null}]]]>
              </value>
            </param>
          </params>
          <reporter-output>
          </reporter-output>
        </test-method> <!-- tearDown -->
      </class> <!-- com.demowebshop.test.RegisterPageTest -->
      <class name="com.demowebshop.test.HomePageTest">
        <test-method status="PASS" signature="setUp(java.lang.String,java.lang.String)[pri:0, instance:com.demowebshop.test.HomePageTest@50b494a6]" name="setUp" is-config="true" duration-ms="22766" started-at="2022-04-24T21:20:49 IST" finished-at="2022-04-24T21:21:12 IST">
          <params>
            <param index="0">
              <value>
                <![CDATA[chrome]]>
              </value>
            </param>
            <param index="1">
              <value>
                <![CDATA[http://demowebshop.tricentis.com/]]>
              </value>
            </param>
          </params>
          <reporter-output>
          </reporter-output>
        </test-method> <!-- setUp -->
        <test-method status="PASS" signature="verifyHomePageTitle()[pri:1, instance:com.demowebshop.test.HomePageTest@50b494a6]" name="verifyHomePageTitle" duration-ms="95" started-at="2022-04-24T21:21:12 IST" description="TC_001_verifyHomePageTitle" finished-at="2022-04-24T21:21:12 IST">
          <reporter-output>
          </reporter-output>
        </test-method> <!-- verifyHomePageTitle -->
        <test-method status="PASS" signature="tearDown(org.testng.ITestResult)[pri:0, instance:com.demowebshop.test.HomePageTest@50b494a6]" name="tearDown" is-config="true" duration-ms="64" started-at="2022-04-24T21:21:12 IST" finished-at="2022-04-24T21:21:12 IST">
          <params>
            <param index="0">
              <value>
                <![CDATA[[TestResult name=verifyHomePageTitle status=SUCCESS method=HomePageTest.verifyHomePageTitle()[pri:1, instance:com.demowebshop.test.HomePageTest@50b494a6] output={null}]]]>
              </value>
            </param>
          </params>
          <reporter-output>
          </reporter-output>
        </test-method> <!-- tearDown -->
      </class> <!-- com.demowebshop.test.HomePageTest -->
      <class name="com.demowebshop.test.LoginPageTest">
        <test-method status="PASS" signature="setUp(java.lang.String,java.lang.String)[pri:0, instance:com.demowebshop.test.LoginPageTest@167fdd33]" name="setUp" is-config="true" duration-ms="15667" started-at="2022-04-24T21:20:49 IST" finished-at="2022-04-24T21:21:05 IST">
          <params>
            <param index="0">
              <value>
                <![CDATA[chrome]]>
              </value>
            </param>
            <param index="1">
              <value>
                <![CDATA[http://demowebshop.tricentis.com/]]>
              </value>
            </param>
          </params>
          <reporter-output>
          </reporter-output>
        </test-method> <!-- setUp -->
        <test-method status="PASS" signature="verifyPageLogin()[pri:2, instance:com.demowebshop.test.LoginPageTest@167fdd33]" name="verifyPageLogin" duration-ms="3476" started-at="2022-04-24T21:21:05 IST" description="TC_001_verifyPageLogin" finished-at="2022-04-24T21:21:08 IST">
          <reporter-output>
          </reporter-output>
        </test-method> <!-- verifyPageLogin -->
        <test-method status="PASS" signature="tearDown(org.testng.ITestResult)[pri:0, instance:com.demowebshop.test.LoginPageTest@167fdd33]" name="tearDown" is-config="true" duration-ms="64" started-at="2022-04-24T21:21:08 IST" finished-at="2022-04-24T21:21:08 IST">
          <params>
            <param index="0">
              <value>
                <![CDATA[[TestResult name=verifyPageLogin status=SUCCESS method=LoginPageTest.verifyPageLogin()[pri:2, instance:com.demowebshop.test.LoginPageTest@167fdd33] output={null}]]]>
              </value>
            </param>
          </params>
          <reporter-output>
          </reporter-output>
        </test-method> <!-- tearDown -->
        <test-method status="PASS" signature="setUp(java.lang.String,java.lang.String)[pri:0, instance:com.demowebshop.test.LoginPageTest@167fdd33]" name="setUp" is-config="true" duration-ms="13190" started-at="2022-04-24T21:21:08 IST" finished-at="2022-04-24T21:21:22 IST">
          <params>
            <param index="0">
              <value>
                <![CDATA[chrome]]>
              </value>
            </param>
            <param index="1">
              <value>
                <![CDATA[http://demowebshop.tricentis.com/]]>
              </value>
            </param>
          </params>
          <reporter-output>
          </reporter-output>
        </test-method> <!-- setUp -->
        <test-method status="PASS" signature="verifyLoginPageTitle()[pri:3, instance:com.demowebshop.test.LoginPageTest@167fdd33]" name="verifyLoginPageTitle" duration-ms="1204" started-at="2022-04-24T21:21:22 IST" description="TC_001_verifyLoginPageTitle" finished-at="2022-04-24T21:21:23 IST">
          <reporter-output>
          </reporter-output>
        </test-method> <!-- verifyLoginPageTitle -->
        <test-method status="PASS" signature="tearDown(org.testng.ITestResult)[pri:0, instance:com.demowebshop.test.LoginPageTest@167fdd33]" name="tearDown" is-config="true" duration-ms="72" started-at="2022-04-24T21:21:23 IST" finished-at="2022-04-24T21:21:23 IST">
          <params>
            <param index="0">
              <value>
                <![CDATA[[TestResult name=verifyLoginPageTitle status=SUCCESS method=LoginPageTest.verifyLoginPageTitle()[pri:3, instance:com.demowebshop.test.LoginPageTest@167fdd33] output={null}]]]>
              </value>
            </param>
          </params>
          <reporter-output>
          </reporter-output>
        </test-method> <!-- tearDown -->
      </class> <!-- com.demowebshop.test.LoginPageTest -->
    </test> <!-- Smoke Test -->
  </suite> <!-- Smoke suite -->
</testng-results>
