<?xml version="1.0" encoding="UTF-8"?>
<!-- Generated by org.testng.reporters.JUnitXMLReporter -->
<testsuite hostname="LAPTOP-RUTB88SV" ignored="0" name="Parameter Test" tests="4" failures="0" timestamp="2022-04-23T09:22:44 IST" time="35.651" errors="0">
  <testcase name="verifyHomePageTitle" time="0.521" classname="com.demowebshop.test.HomePageTest"/>
  <testcase name="verifyLoginPageTitle" time="0.624" classname="com.demowebshop.test.LoginPageTest"/>
  <testcase name="verifyPageLogin" time="1.563" classname="com.demowebshop.test.LoginPageTest"/>
  <testcase name="verifyRegistration" time="1.694" classname="com.demowebshop.test.RegisterPageTest"/>
</testsuite> <!-- Parameter Test -->
